Removed Pin From Net: NetName=NetD2_2 Pin=R1-2
Removed Pin From Net: NetName=NetD1_2 Pin=R1-3
Removed Member From Class: ClassName=Sheet1 Member=D3
Change Component Comment : Designator=D2 Old Comment=LED2 New Comment=1N4148S4
Change Component Comment : Designator=D1 Old Comment=Power New Comment=1N4148S4
Change Component Designator: OldDesignator=C1 NewDesignator=C5
Change Component Designator: OldDesignator=C2 NewDesignator=C4
Change Component Designator: OldDesignator=C3 NewDesignator=C14
Change Component Designator: OldDesignator=C4 NewDesignator=C8
Change Component Designator: OldDesignator=C5 NewDesignator=C13
Change Component Designator: OldDesignator=C6 NewDesignator=C15
Change Component Designator: OldDesignator=C7 NewDesignator=C16
Change Component Designator: OldDesignator=C8 NewDesignator=C17
Change Component Designator: OldDesignator=C9 NewDesignator=C1
Change Component Designator: OldDesignator=C10 NewDesignator=C18
Change Component Designator: OldDesignator=C11 NewDesignator=C19
Change Component Designator: OldDesignator=C12 NewDesignator=C7
Change Component Designator: OldDesignator=C13 NewDesignator=C20
Change Component Designator: OldDesignator=C14 NewDesignator=C21
Change Component Designator: OldDesignator=R1 NewDesignator=R17
Change Component Designator: OldDesignator=R2 NewDesignator=R4
Change Component Designator: OldDesignator=R3 NewDesignator=R1
Change Component Designator: OldDesignator=R4 NewDesignator=R11
Change Component Designator: OldDesignator=R5 NewDesignator=R18
Change Component Designator: OldDesignator=R6 NewDesignator=R19
Change Component Designator: OldDesignator=R7 NewDesignator=R16
Change component parameters: Designator = "D1" ("D1"); Footprint = "LED_0603"; UniqueID = "\PRWJWILQ" ("\PRWJWILQ")
Change component parameters (AddParameter): Name = "Chung_Loai"; Value = "Dán"; VariantName = "[No Variations]"
Change component parameters (AddParameter): Name = "Don_Vi"; Value = "Con"; VariantName = "[No Variations]"
Change component parameters (AddParameter): Name = "Ghi_Chu"; Value = ""; VariantName = "[No Variations]"
Change component parameters (AddParameter): Name = "Kieu_Chan"; Value = ""; VariantName = "[No Variations]"
Change component parameters (AddParameter): Name = "Ma_Hang"; Value = "MH005519"; VariantName = "[No Variations]"
Change component parameters (AddParameter): Name = "Ten_Linh_Kien"; Value = "Diode S4 SOD123 ( 1N5819 SOD123)"; VariantName = "[No Variations]"
Change component parameters: Designator = "D2" ("D2"); Footprint = "LED_0603"; UniqueID = "\UDDLQHLL" ("\UDDLQHLL")
Change component parameters (AddParameter): Name = "Chung_Loai"; Value = "Dán"; VariantName = "[No Variations]"
Change component parameters (AddParameter): Name = "Don_Vi"; Value = "Con"; VariantName = "[No Variations]"
Change component parameters (AddParameter): Name = "Ghi_Chu"; Value = ""; VariantName = "[No Variations]"
Change component parameters (AddParameter): Name = "Kieu_Chan"; Value = ""; VariantName = "[No Variations]"
Change component parameters (AddParameter): Name = "Ma_Hang"; Value = "MH005519"; VariantName = "[No Variations]"
Change component parameters (AddParameter): Name = "Ten_Linh_Kien"; Value = "Diode S4 SOD123 ( 1N5819 SOD123)"; VariantName = "[No Variations]"
Added Component: Designator=C2(tu 0805)
Add component (AddParameter): Name = "Chung_Loai"; Value = "Dán"; VariantName = "[No Variations]"
Add component (AddParameter): Name = "Don_Vi"; Value = "Con"; VariantName = "[No Variations]"
Add component (AddParameter): Name = "Kieu_Chan"; Value = ""; VariantName = "[No Variations]"
Add component (AddParameter): Name = "Ma_Hang"; Value = "MH007483"; VariantName = "[No Variations]"
Add component (AddParameter): Name = "So_Chan"; Value = "2"; VariantName = "[No Variations]"
Add component (AddParameter): Name = "Ten_Linh_Kien"; Value = "T? 0805 225-2.2uF 25V 10%"; VariantName = "[No Variations]"
Added Component: Designator=C3(tu 0603)
Add component (AddParameter): Name = "Chung_Loai"; Value = "Dán"; VariantName = "[No Variations]"
Add component (AddParameter): Name = "Don_Vi"; Value = "Con"; VariantName = "[No Variations]"
Add component (AddParameter): Name = "Kieu_Chan"; Value = ""; VariantName = "[No Variations]"
Add component (AddParameter): Name = "Ma_Hang"; Value = "MH004568"; VariantName = "[No Variations]"
Add component (AddParameter): Name = "So_Chan"; Value = "2"; VariantName = "[No Variations]"
Add component (AddParameter): Name = "Ten_Linh_Kien"; Value = "T? 0603 104-100nF 10% 50V"; VariantName = "[No Variations]"
Added Component: Designator=C22(SM-0805)
Add component (AddParameter): Name = "Value"; Value = "103"; VariantName = "[No Variations]"
Added Component: Designator=C23(SM-0805)
Add component (AddParameter): Name = "Value"; Value = "103"; VariantName = "[No Variations]"
Added Component: Designator=C24(tu 0603)
Add component (AddParameter): Name = "Chung_Loai"; Value = "Dán"; VariantName = "[No Variations]"
Add component (AddParameter): Name = "Don_Vi"; Value = "Con"; VariantName = "[No Variations]"
Add component (AddParameter): Name = "Kieu_Chan"; Value = ""; VariantName = "[No Variations]"
Add component (AddParameter): Name = "Ma_Hang"; Value = "MH004568"; VariantName = "[No Variations]"
Add component (AddParameter): Name = "So_Chan"; Value = "2"; VariantName = "[No Variations]"
Add component (AddParameter): Name = "Ten_Linh_Kien"; Value = "T? 0603 104-100nF 10% 50V"; VariantName = "[No Variations]"
Added Component: Designator=C25(tu 0805)
Add component (AddParameter): Name = "Chung_Loai"; Value = "Dán"; VariantName = "[No Variations]"
Add component (AddParameter): Name = "Don_Vi"; Value = "Con"; VariantName = "[No Variations]"
Add component (AddParameter): Name = "Kieu_Chan"; Value = ""; VariantName = "[No Variations]"
Add component (AddParameter): Name = "Ma_Hang"; Value = "MH004557"; VariantName = "[No Variations]"
Add component (AddParameter): Name = "So_Chan"; Value = "2"; VariantName = "[No Variations]"
Add component (AddParameter): Name = "Ten_Linh_Kien"; Value = "T? 0805 222-2.2nF 10% 50V"; VariantName = "[No Variations]"
Added Component: Designator=C26(tu 0603)
Add component (AddParameter): Name = "Chung_Loai"; Value = "Dán"; VariantName = "[No Variations]"
Add component (AddParameter): Name = "Don_Vi"; Value = "Con"; VariantName = "[No Variations]"
Add component (AddParameter): Name = "Kieu_Chan"; Value = ""; VariantName = "[No Variations]"
Add component (AddParameter): Name = "Ma_Hang"; Value = "MH004568"; VariantName = "[No Variations]"
Add component (AddParameter): Name = "So_Chan"; Value = "2"; VariantName = "[No Variations]"
Add component (AddParameter): Name = "Ten_Linh_Kien"; Value = "T? 0603 104-100nF 10% 50V"; VariantName = "[No Variations]"
Added Component: Designator=J2(HDR1X2)
Add component (AddParameter): Name = "Package"; Value = "HDR1X2"; VariantName = "[No Variations]"
Added Component: Designator=LC1(LC76F - duplicate1)
Added Component: Designator=LS1(SPEAKER)
Add component (AddParameter): Name = "Chung_Loai"; Value = "C?m"; VariantName = "[No Variations]"
Add component (AddParameter): Name = "Don_Vi"; Value = "Con"; VariantName = "[No Variations]"
Add component (AddParameter): Name = "Ghi_Chu"; Value = ""; VariantName = "[No Variations]"
Add component (AddParameter): Name = "Kieu_Chan"; Value = ""; VariantName = "[No Variations]"
Add component (AddParameter): Name = "Ma_Hang"; Value = "MH000902"; VariantName = "[No Variations]"
Add component (AddParameter): Name = "Ten_Linh_Kien"; Value = "Còi Chip 5V 9.5x12MM"; VariantName = "[No Variations]"
Added Component: Designator=R20(tro smd 0805)
Add component (AddParameter): Name = "Chung_Loai"; Value = "Dán"; VariantName = "[No Variations]"
Add component (AddParameter): Name = "Don_Vi"; Value = "Con"; VariantName = "[No Variations]"
Add component (AddParameter): Name = "Kieu_Chan"; Value = ""; VariantName = "[No Variations]"
Add component (AddParameter): Name = "Ma_Hang"; Value = "MH005307"; VariantName = "[No Variations]"
Add component (AddParameter): Name = "So_Chan"; Value = "2"; VariantName = "[No Variations]"
Add component (AddParameter): Name = "Ten_Linh_Kien"; Value = "Tr? 0805 5% 4.7k"; VariantName = "[No Variations]"
Added Component: Designator=R21(tro smd 0805)
Add component (AddParameter): Name = "Chung_Loai"; Value = "Dán"; VariantName = "[No Variations]"
Add component (AddParameter): Name = "Don_Vi"; Value = "Con"; VariantName = "[No Variations]"
Add component (AddParameter): Name = "Kieu_Chan"; Value = ""; VariantName = "[No Variations]"
Add component (AddParameter): Name = "Ma_Hang"; Value = "MH005307"; VariantName = "[No Variations]"
Add component (AddParameter): Name = "So_Chan"; Value = "2"; VariantName = "[No Variations]"
Add component (AddParameter): Name = "Ten_Linh_Kien"; Value = "Tr? 0805 5% 4.7k"; VariantName = "[No Variations]"
Added Component: Designator=U2(IC_MPU6050)
Add component (AddParameter): Name = "Availability"; Value = "Unavailable"; VariantName = "[No Variations]"
Add component (AddParameter): Name = "MF"; Value = "TDK InvenSense"; VariantName = "[No Variations]"
Add component (AddParameter): Name = "MP"; Value = "MPU6050"; VariantName = "[No Variations]"
Add component (AddParameter): Name = "Package"; Value = "VFQFN-24 TDK InvenSense"; VariantName = "[No Variations]"
Add component (AddParameter): Name = "Price"; Value = "None"; VariantName = "[No Variations]"
Add component (AddParameter): Name = "SnapEDA_Link"; Value = "https://www.snapeda.com/parts/MPU6050/TDK%20InvenSense/view-part/3605706/?ref=snap"; VariantName = "[No Variations]"
Add component (AddParameter): Name = "Value"; Value = ""; VariantName = "[No Variations]"
Added Pin To Net: NetName=GND Pin=C2-1
Added Pin To Net: NetName=MVDD Pin=C2-2
Added Pin To Net: NetName=GND Pin=C3-1
Added Pin To Net: NetName=MVDD Pin=C3-2
Added Pin To Net: NetName=GND Pin=C22-1
Added Pin To Net: NetName=GND Pin=C23-1
Added Pin To Net: NetName=GND Pin=C24-2
Added Pin To Net: NetName=GND Pin=C25-1
Added Pin To Net: NetName=3.3V Pin=C26-1
Added Pin To Net: NetName=GND Pin=C26-2
Added Pin To Net: NetName=3.3V Pin=CN1-1
Added Pin To Net: NetName=3.3V Pin=D1-1
Added Pin To Net: NetName=3.3V Pin=D2-1
Added Pin To Net: NetName=GND Pin=LC1-1
Added Pin To Net: NetName=GND Pin=LC1-10
Added Pin To Net: NetName=GND Pin=LC1-12
Added Pin To Net: NetName=3.3V Pin=LS1-1
Added Pin To Net: NetName=NetD2_2 Pin=LS1-2
Added Pin To Net: NetName=3.3V Pin=R20-2
Added Pin To Net: NetName=3.3V Pin=R21-2
Added Pin To Net: NetName=MVDD Pin=U1-79
Added Pin To Net: NetName=GND Pin=U1-80
Added Pin To Net: NetName=GND Pin=U2-1
Added Pin To Net: NetName=3.3V Pin=U2-8
Added Pin To Net: NetName=GND Pin=U2-9
Added Pin To Net: NetName=GND Pin=U2-11
Added Pin To Net: NetName=3.3V Pin=U2-13
Added Pin To Net: NetName=GND Pin=U2-18
Change Net Name : Old Net Name=NetC1_1 New Net Name=NetC5_1
Change Net Name : Old Net Name=NetC5_2 New Net Name=NetC13_2
Change Net Name : Old Net Name=NetC8_2 New Net Name=NetC17_2
Change Net Name : Old Net Name=NetR2_2 New Net Name=NetR1_1
Added Pin To Net: NetName=1PPS Pin=LC1-4
Added Net: Name=1PPS
Added Pin To Net: NetName=3V3 Pin=J2-1
Added Net: Name=3V3
Added Pin To Net: NetName=BAT Pin=LC1-6
Added Net: Name=BAT
Added Pin To Net: NetName=BUZ_IN Pin=U1-56
Added Net: Name=BUZ_IN
Added Pin To Net: NetName=EN Pin=U1-8
Added Net: Name=EN
Added Pin To Net: NetName=INT Pin=U1-37
Added Pin To Net: NetName=INT Pin=U2-12
Added Net: Name=INT
Added Pin To Net: NetName=NetC9_1 Pin=LC1-11
Added Net: Name=NetC9_1
Added Net: Name=NetC9_2
Added Pin To Net: NetName=NetC24_1 Pin=C24-1
Added Pin To Net: NetName=NetC24_1 Pin=U2-10
Added Net: Name=NetC24_1
Added Pin To Net: NetName=NetC25_2 Pin=C25-2
Added Pin To Net: NetName=NetC25_2 Pin=U2-20
Added Net: Name=NetC25_2
Added Pin To Net: NetName=NetJ2_2 Pin=J2-2
Added Net: Name=NetJ2_2
Added Net: Name=NetL1_1
Added Pin To Net: NetName=NetLC1_14 Pin=LC1-14
Added Net: Name=NetLC1_14
Added Net: Name=NetPPS1_1
Added Pin To Net: NetName=NetPPS2_2 Pin=R17-2
Added Net: Name=NetPPS2_2
Added Pin To Net: NetName=NetPPS3_2 Pin=R17-1
Added Net: Name=NetPPS3_2
Added Net: Name=NetPWR1_1
Added Pin To Net: NetName=NetPWR2_2 Pin=R17-3
Added Net: Name=NetPWR2_2
Added Net: Name=NetQ1_1
Added Net: Name=NetQ2_1
Added Net: Name=NetR8_2
Added Pin To Net: NetName=RXD 2.8V Pin=LC1-3
Added Net: Name=RXD 2.8V
Added Pin To Net: NetName=RXD Pin=U1-5
Added Net: Name=RXD
Added Pin To Net: NetName=SCL Pin=R21-1
Added Pin To Net: NetName=SCL Pin=U1-35
Added Pin To Net: NetName=SCL Pin=U2-23
Added Net: Name=SCL
Added Pin To Net: NetName=SDA Pin=R20-1
Added Pin To Net: NetName=SDA Pin=U1-36
Added Pin To Net: NetName=SDA Pin=U2-24
Added Net: Name=SDA
Added Pin To Net: NetName=TXD 2.8V Pin=LC1-2
Added Net: Name=TXD 2.8V
Added Pin To Net: NetName=TXD Pin=U1-6
Added Net: Name=TXD
Added Pin To Net: NetName=VCC_GNSS Pin=C22-2
Added Pin To Net: NetName=VCC_GNSS Pin=C23-2
Added Pin To Net: NetName=VCC_GNSS Pin=LC1-8
Added Pin To Net: NetName=VCC_GNSS Pin=LC1-9
Added Net: Name=VCC_GNSS
Added Pin To Net: NetName=WAKEUP Pin=LC1-18
Added Net: Name=WAKEUP
Added Member To Class: ClassName=Sheet1 Member=Component C15 225
Added Member To Class: ClassName=Sheet1 Member=Component C16 104
Added Member To Class: ClassName=Sheet1 Member=Component C17 225
Added Member To Class: ClassName=Sheet1 Member=Component C18 20pF
Added Member To Class: ClassName=Sheet1 Member=Component C19 20pF
Added Member To Class: ClassName=Sheet1 Member=Component C20 12pF
Added Member To Class: ClassName=Sheet1 Member=Component C21 12pF
Added Member To Class: ClassName=Sheet1 Member=Component C22 4.7uf
Added Member To Class: ClassName=Sheet1 Member=Component C23 100nf
Added Member To Class: ClassName=Sheet1 Member=Component C24 104
Added Member To Class: ClassName=Sheet1 Member=Component C25 222
Added Member To Class: ClassName=Sheet1 Member=Component C26 104
Added Member To Class: ClassName=Sheet1 Member=Component J2 Jumper
Added Member To Class: ClassName=Sheet1 Member=Component LC1 LC76F
Added Member To Class: ClassName=Sheet1 Member=Component LS1 Còi Chip 3V 9.5x12MM
Added Member To Class: ClassName=Sheet1 Member=Component R11 10k
Added Member To Class: ClassName=Sheet1 Member=Component R16 100R
Added Member To Class: ClassName=Sheet1 Member=Component R17 R8P4R_330
Added Member To Class: ClassName=Sheet1 Member=Component R18 100R
Added Member To Class: ClassName=Sheet1 Member=Component R19 100R
Added Member To Class: ClassName=Sheet1 Member=Component R20 4.7k
Added Member To Class: ClassName=Sheet1 Member=Component R21 4.7k
Added Member To Class: ClassName=Sheet1 Member=Component U2 MPU6050
