Removed Pin From Net: NetName=MVDD Pin=C12-1
Removed Pin From Net: NetName=GND Pin=C12-2
Removed Pin From Net: NetName=MVDD Pin=C14-2
Removed Pin From Net: NetName=GND Pin=C15-1
Removed Pin From Net: NetName=MVDD Pin=C17-1
Removed Pin From Net: NetName=GND Pin=C17-2
Removed Pin From Net: NetName=GND Pin=C18-1
Removed Pin From Net: NetName=VBAT Pin=C18-2
Removed Pin From Net: NetName=MVDD Pin=C22-1
Removed Pin From Net: NetName=GND Pin=C22-2
Removed Pin From Net: NetName=PWRKEY Pin=JP2-6
Removed Pin From Net: NetName=PB2 Pin=JP2-7
Removed Pin From Net: NetName=PB3 Pin=JP2-8
Removed Pin From Net: NetName=PB4 Pin=JP2-9
Removed Pin From Net: NetName=MVDD Pin=U3-13
Removed Pin From Net: NetName=GND Pin=U3-14
Removed Pin From Net: NetName=MVDD Pin=U3-22
Removed Pin From Net: NetName=GND Pin=U3-23
Removed Pin From Net: NetName=F_NRST Pin=U3-24
Removed Pin From Net: NetName=VBAT Pin=U3-25
Removed Pin From Net: NetName=PB10_LSEi Pin=U3-26
Removed Pin From Net: NetName=PB11_LSEo Pin=U3-27
Removed Pin From Net: NetName=PB13_HSEi Pin=U3-30
Removed Pin From Net: NetName=PB14_HSEo Pin=U3-31
Removed Pin From Net: NetName=SCL Pin=U3-35
Removed Pin From Net: NetName=SDA Pin=U3-36
Removed Pin From Net: NetName=INT Pin=U3-37
Removed Pin From Net: NetName=PA12 Pin=U3-45
Removed Pin From Net: NetName=PA13 Pin=U3-46
Removed Pin From Net: NetName=MVDD Pin=U3-49
Removed Pin From Net: NetName=GND Pin=U3-50
Removed Pin From Net: NetName=PB0 Pin=U3-51
Removed Pin From Net: NetName=PB1 Pin=U3-52
Removed Pin From Net: NetName=BUZ_IN Pin=U3-56
Removed Pin From Net: NetName=PWRKEY Pin=U3-57
Removed Pin From Net: NetName=EN Pin=U3-58
Removed Pin From Net: NetName=PB2 Pin=U3-61
Removed Pin From Net: NetName=PB3 Pin=U3-62
Removed Pin From Net: NetName=PB4 Pin=U3-63
Removed Pin From Net: NetName=MVDD Pin=U3-70
Removed Pin From Net: NetName=GND Pin=U3-71
Removed Pin From Net: NetName=PC1 Pin=U3-73
Removed Pin From Net: NetName=PC2 Pin=U3-74
Removed Pin From Net: NetName=PC3 Pin=U3-75
Removed Pin From Net: NetName=MVDD Pin=U3-79
Removed Pin From Net: NetName=GND Pin=U3-80
Change Component Footprint: Designator=U3 Old Footprint=PCBComponent_1 New Footprint=HT_LQFP64
Change Component Footprint: Designator=C12 Old Footprint=tu 0603 New Footprint=tu 0805
Change Component Footprint: Designator=C14 Old Footprint=tu 0603 New Footprint=tu 0805
Change Component Footprint: Designator=C17 Old Footprint=tu 0603 New Footprint=tu 0805
Change Component Footprint: Designator=C13 Old Footprint=tu 0805 New Footprint=tu 0603
Change Component Footprint: Designator=C16 Old Footprint=tu 0805 New Footprint=tu 0603
Change Component Footprint: Designator=C18 Old Footprint=tu 0805 New Footprint=tu 0603
Change Component Comment : Designator=C12 Old Comment=104 New Comment=225
Change Component Comment : Designator=C14 Old Comment=104 New Comment=225
Change Component Comment : Designator=C17 Old Comment=104 New Comment=225
Change Component Comment : Designator=C13 Old Comment=225 New Comment=104
Change Component Comment : Designator=C16 Old Comment=225 New Comment=104
Change Component Comment : Designator=C18 Old Comment=225 New Comment=104
Change Component Comment : Designator=U3 Old Comment=HT32F52367_LQFP80 New Comment=HT32F52367_LQFP64
Added Pin To Net: NetName=GND Pin=C12-1
Added Pin To Net: NetName=MVDD Pin=C12-2
Added Pin To Net: NetName=MVDD Pin=C15-1
Added Pin To Net: NetName=GND Pin=C15-2
Added Pin To Net: NetName=GND Pin=C17-1
Added Pin To Net: NetName=VBAT Pin=C17-2
Added Pin To Net: NetName=MVDD Pin=C18-1
Added Pin To Net: NetName=GND Pin=C18-2
Added Pin To Net: NetName=PB2 Pin=JP2-4
Added Pin To Net: NetName=PB3 Pin=JP2-5
Added Pin To Net: NetName=PB4 Pin=JP2-6
Added Pin To Net: NetName=PWRKEY Pin=JP6-1
Added Pin To Net: NetName=MVDD Pin=U3-18
Added Pin To Net: NetName=GND Pin=U3-19
Added Pin To Net: NetName=F_NRST Pin=U3-20
Added Pin To Net: NetName=VBAT Pin=U3-21
Added Pin To Net: NetName=PB10_LSEi Pin=U3-22
Added Pin To Net: NetName=PB11_LSEo Pin=U3-23
Added Pin To Net: NetName=PB13_HSEi Pin=U3-26
Added Pin To Net: NetName=PB14_HSEo Pin=U3-27
Added Pin To Net: NetName=SCL Pin=U3-28
Added Pin To Net: NetName=SDA Pin=U3-29
Added Pin To Net: NetName=INT Pin=U3-30
Added Pin To Net: NetName=PA12 Pin=U3-38
Added Pin To Net: NetName=PA13 Pin=U3-39
Added Pin To Net: NetName=MVDD Pin=U3-42
Added Pin To Net: NetName=GND Pin=U3-43
Added Pin To Net: NetName=PB0 Pin=U3-44
Added Pin To Net: NetName=PB1 Pin=U3-45
Added Pin To Net: NetName=BUZ_IN Pin=U3-46
Added Pin To Net: NetName=PWRKEY Pin=U3-47
Added Pin To Net: NetName=EN Pin=U3-48
Added Pin To Net: NetName=PB2 Pin=U3-49
Added Pin To Net: NetName=PB3 Pin=U3-50
Added Pin To Net: NetName=PB4 Pin=U3-51
Added Pin To Net: NetName=MVDD Pin=U3-55
Added Pin To Net: NetName=GND Pin=U3-56
Added Pin To Net: NetName=PC1 Pin=U3-57
Added Pin To Net: NetName=PC2 Pin=U3-58
Added Pin To Net: NetName=PC3 Pin=U3-59
Added Pin To Net: NetName=MVDD Pin=U3-63
Added Pin To Net: NetName=GND Pin=U3-64
Added Pin To Net: NetName=NetC14_2 Pin=C14-2
Added Pin To Net: NetName=NetC14_2 Pin=U3-17
Added Net: Name=NetC14_2
Added Pin To Net: NetName=PA0 Pin=JP4-3
Added Pin To Net: NetName=PA0 Pin=U3-1
Added Net: Name=PA0
Added Pin To Net: NetName=PA1 Pin=JP4-4
Added Pin To Net: NetName=PA1 Pin=U3-2
Added Net: Name=PA1
Added Pin To Net: NetName=PA7 Pin=JP4-5
Added Pin To Net: NetName=PA7 Pin=U3-8
Added Net: Name=PA7
Added Pin To Net: NetName=PB5 Pin=JP2-7
Added Pin To Net: NetName=PB5 Pin=U3-52
Added Net: Name=PB5
Added Pin To Net: NetName=PB6 Pin=R6-2
Added Pin To Net: NetName=PB6 Pin=U3-60
Added Net: Name=PB6
Added Pin To Net: NetName=PD4 Pin=JP2-8
Added Pin To Net: NetName=PD4 Pin=U3-9
Added Net: Name=PD4
Added Pin To Net: NetName=PD5 Pin=JP2-9
Added Pin To Net: NetName=PD5 Pin=U3-10
Added Net: Name=PD5
Added Room: Name=Sheet1
