Added Pin To Net: NetName=GND Pin=C6-2
Added Pin To Net: NetName=GND Pin=D1-A
Added Pin To Net: NetName=GND Pin=R8-2
Added Member To Class: ClassName=Sheet1 Member=Component C1 106
Added Member To Class: ClassName=Sheet1 Member=Component C2 104
Added Member To Class: ClassName=Sheet1 Member=Component C3 222
Added Member To Class: ClassName=Sheet1 Member=Component C4 104
Added Member To Class: ClassName=Sheet1 Member=Component C5 104
Added Member To Class: ClassName=Sheet1 Member=Component C7 10uF
Added Member To Class: ClassName=Sheet1 Member=Component C8 104
Added Member To Class: ClassName=Sheet1 Member=Component C14 104
Added Member To Class: ClassName=Sheet1 Member=Component C16 225
Added Member To Class: ClassName=Sheet1 Member=Component C19 104
Added Member To Class: ClassName=Sheet1 Member=Component C20 20pF
Added Member To Class: ClassName=Sheet1 Member=Component C21 20pF
Added Member To Class: ClassName=Sheet1 Member=Component D1 B340A-13-F
Added Member To Class: ClassName=Sheet1 Member=Component JP3 JP6
Added Member To Class: ClassName=Sheet1 Member=Component JP6 JP4
Added Member To Class: ClassName=Sheet1 Member=Component LED1 LED 0805
Added Member To Class: ClassName=Sheet1 Member=Component PWR2 LED 0805
Added Member To Class: ClassName=Sheet1 Member=Component R1 4.7k
Added Member To Class: ClassName=Sheet1 Member=Component R2 10k
Added Member To Class: ClassName=Sheet1 Member=Component R3 4.7k
Added Member To Class: ClassName=Sheet1 Member=Component R4 10k
Added Member To Class: ClassName=Sheet1 Member=Component R5 10k
Added Member To Class: ClassName=Sheet1 Member=Component U2 TPS5430DDA
