Removed Pin From Net: NetName=GND Pin=JP1-1
Removed Pin From Net: NetName=Vin+ Pin=JP1-2
Removed Pin From Net: NetName=TX1 Pin=JP?-2
Removed Pin From Net: NetName=RX1 Pin=JP?-3
Removed Member From Class: ClassName=Sheet1 Member=JP?
Added Component: Designator=JP2(CON7)
Add component (AddParameter): Name = "Value"; Value = "Connector 7"; VariantName = "[No Variations]"
Added Component: Designator=JP3(CON4)
Add component (AddParameter): Name = "Value"; Value = "Connector 4"; VariantName = "[No Variations]"
Added Pin To Net: NetName=Vin+ Pin=JP1-1
Added Pin To Net: NetName=GND Pin=JP1-2
Added Pin To Net: NetName=3.3V Pin=JP2-2
Added Pin To Net: NetName=GND Pin=JP2-3
Added Pin To Net: NetName=TX0 Pin=JP2-4
Added Pin To Net: NetName=RX0 Pin=JP2-5
Added Pin To Net: NetName=EN Pin=JP2-7
Added Pin To Net: NetName=TX1 Pin=JP3-2
Added Pin To Net: NetName=RX1 Pin=JP3-3
Added Member To Class: ClassName=Sheet1 Member=Component JP2 JP7
Added Member To Class: ClassName=Sheet1 Member=Component JP3 JP4
