Removed Pin From Net: NetName=GND Pin=B1-1
Removed Pin From Net: NetName=F_NRST Pin=B1-3
Removed Pin From Net: NetName=GND Pin=B1-4
Removed Pin From Net: NetName=3.3V Pin=H1-1
Removed Pin From Net: NetName=GND Pin=H1-2
Removed Pin From Net: NetName=RX0 Pin=H1-3
Removed Pin From Net: NetName=TX0 Pin=H1-4
Removed Pin From Net: NetName=EN Pin=H1-6
Removed Pin From Net: NetName=MVDD Pin=H2-1
Removed Pin From Net: NetName=GND Pin=H2-2
Removed Pin From Net: NetName=RX1 Pin=H2-4
Removed Pin From Net: NetName=TX1 Pin=H2-5
Removed Pin From Net: NetName=PWRKEY Pin=H2-6
Removed Pin From Net: NetName=GND Pin=PWR3-2
Removed Pin From Net: NetName=GND Pin=PWR4-2
Removed Member From Class: ClassName=Sheet1 Member=B1
Removed Member From Class: ClassName=Sheet1 Member=H2
Removed Member From Class: ClassName=Sheet1 Member=PWR3
Removed Member From Class: ClassName=Sheet1 Member=PWR4
Added Component: Designator=JP2(CON5)
Add component (AddParameter): Name = "Value"; Value = "Connector 5"; VariantName = "[No Variations]"
Added Component: Designator=JP3(CON5)
Add component (AddParameter): Name = "Value"; Value = "Connector 5"; VariantName = "[No Variations]"
Added Component: Designator=SW1(SW4)
Add component (AddParameter): Name = "Don_Vi"; Value = "Con"; VariantName = "[No Variations]"
Add component (AddParameter): Name = "Ghi Chu"; Value = ""; VariantName = "[No Variations]"
Add component (AddParameter): Name = "Kieu Chan"; Value = ""; VariantName = "[No Variations]"
Add component (AddParameter): Name = "Ma_Hang"; Value = "MH004077"; VariantName = "[No Variations]"
Add component (AddParameter): Name = "Value"; Value = "Nút Nh?n 4 Chân 6x6x9MM DIP"; VariantName = "[No Variations]"
Added Pin To Net: NetName=INT Pin=H1-1
Added Pin To Net: NetName=AD0 Pin=H1-2
Added Pin To Net: NetName=SDA Pin=H1-3
Added Pin To Net: NetName=SCL Pin=H1-4
Added Pin To Net: NetName=GND Pin=H1-5
Added Pin To Net: NetName=3.3V Pin=H1-6
Added Pin To Net: NetName=3.3V Pin=JP2-1
Added Pin To Net: NetName=GND Pin=JP2-2
Added Pin To Net: NetName=RX0 Pin=JP2-3
Added Pin To Net: NetName=TX0 Pin=JP2-4
Added Pin To Net: NetName=EN Pin=JP2-5
Added Pin To Net: NetName=MVDD Pin=JP3-1
Added Pin To Net: NetName=GND Pin=JP3-2
Added Pin To Net: NetName=RX1 Pin=JP3-3
Added Pin To Net: NetName=TX1 Pin=JP3-4
Added Pin To Net: NetName=PWRKEY Pin=JP3-5
Added Pin To Net: NetName=GND Pin=SW1-1
Added Pin To Net: NetName=GND Pin=SW1-3
Added Pin To Net: NetName=F_NRST Pin=SW1-4
Added Net: Name=NetLED1_1
Added Net: Name=NetLED2_1
Added Member To Class: ClassName=Sheet1 Member=Component JP2 JP5
Added Member To Class: ClassName=Sheet1 Member=Component JP3 JP5
Added Member To Class: ClassName=Sheet1 Member=Component SW1 Nut Nhan 4 Chan
Added Room: Name=Sheet1
