Removed Pin From Net: NetName=3.3V Pin=JP2-2
Removed Pin From Net: NetName=GND Pin=JP2-3
Removed Pin From Net: NetName=TX0 Pin=JP2-4
Removed Pin From Net: NetName=RX0 Pin=JP2-5
Removed Pin From Net: NetName=EN Pin=JP2-7
Removed Pin From Net: NetName=BUZ_IN Pin=Q3-1
Removed Member From Class: ClassName=Sheet1 Member=JP2
Added Component: Designator=JP?(CON6)
Add component (AddParameter): Name = "Value"; Value = "Connector 6"; VariantName = "[No Variations]"
Added Component: Designator=R?(tro smd 0603)
Add component (AddParameter): Name = "Chung_Loai"; Value = "Dán"; VariantName = "[No Variations]"
Add component (AddParameter): Name = "Don_Vi"; Value = "Con"; VariantName = "[No Variations]"
Add component (AddParameter): Name = "Kieu_Chan"; Value = ""; VariantName = "[No Variations]"
Add component (AddParameter): Name = "Ma_Hang"; Value = "MH006315"; VariantName = "[No Variations]"
Add component (AddParameter): Name = "So_Chan"; Value = "2"; VariantName = "[No Variations]"
Add component (AddParameter): Name = "Ten_Linh_Kien"; Value = "Tr? 0603 5% 100R"; VariantName = "[No Variations]"
Added Pin To Net: NetName=3.3V Pin=JP?-1
Added Pin To Net: NetName=GND Pin=JP?-2
Added Pin To Net: NetName=TX0 Pin=JP?-3
Added Pin To Net: NetName=RX0 Pin=JP?-4
Added Pin To Net: NetName=EN Pin=JP?-6
Added Pin To Net: NetName=BUZ_IN Pin=R?-1
Added Pin To Net: NetName=NetQ3_1 Pin=Q3-1
Added Pin To Net: NetName=NetQ3_1 Pin=R?-2
Added Net: Name=NetQ3_1
Added Member To Class: ClassName=Sheet1 Member=Component JP? JP6
Added Member To Class: ClassName=Sheet1 Member=Component R? 100R
Added Room: Name=Sheet1
