Removed Pin From Net: NetName=PD4 Pin=JP2-8
Removed Pin From Net: NetName=PD5 Pin=JP2-9
Removed Pin From Net: NetName=PA0 Pin=JP4-3
Removed Pin From Net: NetName=PA1 Pin=JP4-4
Removed Pin From Net: NetName=PA7 Pin=JP4-5
Removed Pin From Net: NetName=PC1 Pin=JP4-6
Removed Pin From Net: NetName=PC2 Pin=JP4-7
Removed Pin From Net: NetName=PC3 Pin=JP4-8
Added Pin To Net: NetName=PC1 Pin=JP4-5
Added Pin To Net: NetName=PC2 Pin=JP4-6
Added Pin To Net: NetName=PC3 Pin=JP4-7
Added Pin To Net: NetName=PA7 Pin=JP4-8
Added Pin To Net: NetName=PB4 Pin=JP2-8
Added Pin To Net: NetName=PB4 Pin=U3-51
Added Net: Name=PB4
Added Pin To Net: NetName=PB5 Pin=JP2-9
Added Pin To Net: NetName=PB5 Pin=U3-52
Added Net: Name=PB5
Added Pin To Net: NetName=PC14 Pin=JP4-3
Added Pin To Net: NetName=PC14 Pin=U3-53
Added Net: Name=PC14
Added Pin To Net: NetName=PC15 Pin=JP4-4
Added Pin To Net: NetName=PC15 Pin=U3-54
Added Net: Name=PC15
