Removed Pin From Net: NetName=GND Pin=BT1-2
Removed Pin From Net: NetName=GND Pin=C10-2
Removed Pin From Net: NetName=GND Pin=C11-2
Removed Pin From Net: NetName=GND Pin=C12-2
Removed Pin From Net: NetName=Vin+ Pin=C18-1
Removed Pin From Net: NetName=GND Pin=C18-2
Removed Pin From Net: NetName=GND Pin=C22-1
Removed Pin From Net: NetName=GND Pin=C23-1
Removed Pin From Net: NetName=3.3V Pin=D1-1
Removed Pin From Net: NetName=3.3V Pin=D2-1
Removed Pin From Net: NetName=GND Pin=GPS1-1
Removed Pin From Net: NetName=GND Pin=GPS1-3
Removed Pin From Net: NetName=3.3V Pin=J2-1
Removed Pin From Net: NetName=3.3V Pin=JP2-1
Removed Pin From Net: NetName=GND Pin=JP2-2
Removed Pin From Net: NetName=RX0 Pin=JP2-3
Removed Pin From Net: NetName=TX0 Pin=JP2-4
Removed Pin From Net: NetName=EN Pin=JP2-5
Removed Pin From Net: NetName=GND Pin=JP5-3
Removed Pin From Net: NetName=GND Pin=JP5-4
Removed Pin From Net: NetName=GND Pin=LC1-1
Removed Pin From Net: NetName=GND Pin=LC1-10
Removed Pin From Net: NetName=GND Pin=LC1-12
Removed Pin From Net: NetName=GND Pin=U1-51
Removed Pin From Net: NetName=GND Pin=U1-52
Removed Member From Class: ClassName=Sheet1 Member=BT1
Removed Member From Class: ClassName=Sheet1 Member=C9
Removed Member From Class: ClassName=Sheet1 Member=C10
Removed Member From Class: ClassName=Sheet1 Member=C11
Removed Member From Class: ClassName=Sheet1 Member=C12
Removed Member From Class: ClassName=Sheet1 Member=C18
Removed Member From Class: ClassName=Sheet1 Member=C22
Removed Member From Class: ClassName=Sheet1 Member=C23
Removed Member From Class: ClassName=Sheet1 Member=D2
Removed Member From Class: ClassName=Sheet1 Member=GPS1
Removed Member From Class: ClassName=Sheet1 Member=J2
Removed Member From Class: ClassName=Sheet1 Member=JP2
Removed Member From Class: ClassName=Sheet1 Member=L1
Removed Member From Class: ClassName=Sheet1 Member=LC1
Change Component Footprint: Designator=IC1 Old Footprint=QTO-220 New Footprint=SOT223-4N
Change Component Footprint: Designator=C4 Old Footprint=tu 0603 New Footprint=tu hoa 5mm
Change Component Footprint: Designator=C6 Old Footprint=tu 0603 New Footprint=tu hoa 5mm
Change Component Comment : Designator=C4 Old Comment=100uF 16V New Comment=100uF
Change Component Comment : Designator=C6 Old Comment=104 New Comment=100uF
Change component parameters: Designator = "C6" ("C6"); Footprint = "tu 0603"; UniqueID = "\NYLQWELG" ("\NYLQWELG")
Change component parameters (AddParameter): Name = "Chung_Loai"; Value = "C?m"; VariantName = "[No Variations]"
Change component parameters (AddParameter): Name = "Don_Vi"; Value = "Con"; VariantName = "[No Variations]"
Change component parameters (AddParameter): Name = "Kieu_Chan"; Value = ""; VariantName = "[No Variations]"
Change component parameters (AddParameter): Name = "Ma_Hang"; Value = "MH008417"; VariantName = "[No Variations]"
Change component parameters (AddParameter): Name = "So_Chan"; Value = "2"; VariantName = "[No Variations]"
Change component parameters (AddParameter): Name = "Ten_Linh_Kien"; Value = "T? Hóa 100uF 16V 5x11MM"; VariantName = "[No Variations]"
Change component parameters: Designator = "C4" ("C4"); Footprint = "tu 0603"; UniqueID = "\DFNXJXRW" ("\DFNXJXRW")
Change component parameters (AddParameter): Name = "Chung_Loai"; Value = "C?m"; VariantName = "[No Variations]"
Change component parameters (AddParameter): Name = "Don_Vi"; Value = "Con"; VariantName = "[No Variations]"
Change component parameters (AddParameter): Name = "Kieu_Chan"; Value = ""; VariantName = "[No Variations]"
Change component parameters (AddParameter): Name = "Ma_Hang"; Value = "MH008417"; VariantName = "[No Variations]"
Change component parameters (AddParameter): Name = "So_Chan"; Value = "2"; VariantName = "[No Variations]"
Change component parameters (AddParameter): Name = "Ten_Linh_Kien"; Value = "T? Hóa 100uF 16V 5x11MM"; VariantName = "[No Variations]"
Added Pin To Net: NetName=Vin+ Pin=C6-1
Added Pin To Net: NetName=3.3V Pin=D1-2
Added Pin To Net: NetName=NetD1_1 Pin=D1-1
Added Pin To Net: NetName=NetD1_1 Pin=LS1-2
Added Net: Name=NetD1_1
Added Pin To Net: NetName=PB0 Pin=JP5-3
Added Pin To Net: NetName=PB0 Pin=U1-51
Added Net: Name=PB0
Added Pin To Net: NetName=PB1 Pin=JP5-4
Added Pin To Net: NetName=PB1 Pin=U1-52
Added Net: Name=PB1
Added Room: Name=Sheet1
