Removed Pin From Net: NetName=5V Pin=JP5-1
Removed Pin From Net: NetName=GND Pin=JP5-2
Removed Pin From Net: NetName=PB0 Pin=JP5-3
Removed Pin From Net: NetName=PB1 Pin=JP5-4
Removed Pin From Net: NetName=PD1 Pin=JP5-5
Removed Pin From Net: NetName=PD2 Pin=JP5-6
Removed Pin From Net: NetName=PWRKEY Pin=JP5-7
Removed Pin From Net: NetName=PB2 Pin=JP5-8
Removed Pin From Net: NetName=PB3 Pin=JP5-9
Removed Pin From Net: NetName=PB4 Pin=JP5-10
Added Pin To Net: NetName=GND Pin=JP5-1
Added Pin To Net: NetName=PB0 Pin=JP5-2
Added Pin To Net: NetName=PB1 Pin=JP5-3
Added Pin To Net: NetName=PD1 Pin=JP5-4
Added Pin To Net: NetName=PD2 Pin=JP5-5
Added Pin To Net: NetName=PWRKEY Pin=JP5-6
Added Pin To Net: NetName=PB2 Pin=JP5-7
Added Pin To Net: NetName=PB3 Pin=JP5-8
Added Pin To Net: NetName=PB4 Pin=JP5-9
Added Pin To Net: NetName=5V Pin=JP5-10
Added Room: Name=Sheet1
