Change Component Designator: Old Designator=BT? New Designator=BT1
Change Component Designator: Old Designator=C1 New Designator=C18
Change Component Designator: Old Designator=C2 New Designator=C12
Change Component Designator: Old Designator=C3 New Designator=C13
Change Component Designator: Old Designator=C4 New Designator=C1
Change Component Designator: Old Designator=C5 New Designator=C2
Change Component Designator: Old Designator=C7 New Designator=C21
Change Component Designator: Old Designator=C8 New Designator=C11
Change Component Designator: Old Designator=C13 New Designator=C14
Change Component Designator: Old Designator=C14 New Designator=C10
Change Component Designator: Old Designator=C19 New Designator=C7
Change Component Designator: Old Designator=C20 New Designator=C22
Change Component Designator: Old Designator=C21 New Designator=C23
Change Component Designator: Old Designator=C24 New Designator=C4
Change Component Designator: Old Designator=C25 New Designator=C3
Change Component Designator: Old Designator=C26 New Designator=C5
Change Component Designator: Old Designator=C27 New Designator=C8
Change Component Designator: Old Designator=C28 New Designator=C9
Change Component Designator: Old Designator=C29 New Designator=C19
Change Component Designator: Old Designator=C30 New Designator=C20
Change Component Designator: Old Designator=JP3 New Designator=JP6
Change Component Designator: Old Designator=JP4 New Designator=JP3
Change Component Designator: Old Designator=JP5 New Designator=JP2
Change Component Designator: Old Designator=JP6 New Designator=JP4
Change Component Designator: Old Designator=JP? New Designator=JP5
Change Component Designator: Old Designator=LED1 New Designator=LED2
Change Component Designator: Old Designator=LED2 New Designator=LED1
Change Component Designator: Old Designator=PWR1 New Designator=PWR2
Change Component Designator: Old Designator=PWR2 New Designator=PWR1
Change Component Designator: Old Designator=Q3 New Designator=Q1
Change Component Designator: Old Designator=R1 New Designator=R8
Change Component Designator: Old Designator=R2 New Designator=R4
Change Component Designator: Old Designator=R3 New Designator=R5
Change Component Designator: Old Designator=R4 New Designator=R7
Change Component Designator: Old Designator=R5 New Designator=R6
Change Component Designator: Old Designator=R11 New Designator=R9
Change Component Designator: Old Designator=R16 New Designator=R11
Change Component Designator: Old Designator=R17 New Designator=R2
Change Component Designator: Old Designator=R18 New Designator=R12
Change Component Designator: Old Designator=R19 New Designator=R10
Change Component Designator: Old Designator=R20 New Designator=R1
Change Component Designator: Old Designator=R21 New Designator=R3
Change Component Designator: Old Designator=R? New Designator=R13
Change Component Designator: Old Designator=U1 New Designator=U2
Change Component Designator: Old Designator=U2 New Designator=U1
