


ARM Macro Assembler    Page 1 


    1 00000000         ;/*-----------------------------------------------------
                       ----------------------------------------------------*/
    2 00000000         ;/* Holtek Semiconductor Inc.                           
                                                                           */
    3 00000000         ;/*                                                     
                                                                           */
    4 00000000         ;/* Copyright (C) Holtek Semiconductor Inc.             
                                                                           */
    5 00000000         ;/* All rights reserved.                                
                                                                           */
    6 00000000         ;/*                                                     
                                                                           */
    7 00000000         ;/*-----------------------------------------------------
                       ------------------------------------------------------
    8 00000000         ;  File Name        : startup_ht32f5xxxx_03.s
    9 00000000         ;  Version          : $Rev:: 3927         $
   10 00000000         ;  Date             : $Date:: 2019-05-31 #$
   11 00000000         ;  Description      : Startup code.
   12 00000000         ;-------------------------------------------------------
                       ----------------------------------------------------*/
   13 00000000         
   14 00000000         ;  Supported Device
   15 00000000         ;  ========================================
   16 00000000         ;   HT32F0008
   17 00000000         ;   HT32F52142
   18 00000000         ;   HT32F52344, HT32F52354
   19 00000000         ;   HT32F52357, HT32F52367
   20 00000000         
   21 00000000         ;/* <<< Use Configuration Wizard in Context Menu >>>    
                                                                           */
   22 00000000         
   23 00000000         ;// <o>  HT32 Device
   24 00000000         ;//      <0=> By Project Asm Define
   25 00000000         ;//      <6=> HT32F0008
   26 00000000         ;//      <6=> HT32F52142
   27 00000000         ;//      <9=> HT32F52344/54
   28 00000000         ;//      <11=> HT32F52357/67
   29 00000000 00000000 
                       USE_HT32_CHIP_SET
                               EQU              0
   30 00000000         
   31 00000000 FFFFFFFF 
                       _HT32FWID
                               EQU              0xFFFFFFFF
   32 00000000         ;_HT32FWID           EQU     0x00000008
   33 00000000         ;_HT32FWID           EQU     0x00052142
   34 00000000         ;_HT32FWID           EQU     0x00052344
   35 00000000         ;_HT32FWID           EQU     0x00052354
   36 00000000         ;_HT32FWID           EQU     0x00052357
   37 00000000         ;_HT32FWID           EQU     0x00052367
   38 00000000         
   39 00000000 00000006 
                       HT32F0008
                               EQU              6
   40 00000000 00000006 
                       HT32F52142
                               EQU              6
   41 00000000 00000009 
                       HT32F52344_54



ARM Macro Assembler    Page 2 


                               EQU              9
   42 00000000 0000000B 
                       HT32F52357_67
                               EQU              11
   43 00000000         
   44 00000000                 IF               USE_HT32_CHIP_SET=0
   45 00000000                 ELSE
   47                          ENDIF
   48 00000000         
   49 00000000         ; Amount of memory (in bytes) allocated for Stack and He
                       ap
   50 00000000         ; Tailor those values to your application needs
   51 00000000         ;//   <o> Stack Size (in Bytes, must 8 byte aligned) <0-
                       16384:8>
   52 00000000 00000200 
                       Stack_Size
                               EQU              512
   53 00000000         
   54 00000000                 AREA             STACK, NOINIT, READWRITE, ALIGN
 = 3
   55 00000000         __HT_check_sp
   56 00000000         Stack_Mem
                               SPACE            Stack_Size
   57 00000200         __initial_sp
   58 00000200         
   59 00000200         ;//   <o>  Heap Size (in Bytes) <0-16384:8>
   60 00000200 00000000 
                       Heap_Size
                               EQU              0
   61 00000200         
   62 00000200                 AREA             HEAP, NOINIT, READWRITE, ALIGN 
= 3
   63 00000000         __HT_check_heap
   64 00000000         __heap_base
   65 00000000         Heap_Mem
                               SPACE            Heap_Size
   66 00000000         __heap_limit
   67 00000000         
   68 00000000                 PRESERVE8
   69 00000000                 THUMB
   70 00000000         
   71 00000000         ;*******************************************************
                       ************************
   72 00000000         ; Fill-up the Vector Table entries with the exceptions I
                       SR address
   73 00000000         ;*******************************************************
                       ************************
   74 00000000                 AREA             RESET, CODE, READONLY
   75 00000000                 EXPORT           __Vectors
   76 00000000 FFFFFFFF 
                       _RESERVED
                               EQU              0xFFFFFFFF
   77 00000000         __Vectors
   78 00000000 00000000        DCD              __initial_sp ; ---, 00, 0x000, 
                                                            Top address of Stac
                                                            k
   79 00000004 00000000        DCD              Reset_Handler ; ---, 01, 0x004,
                                                             Reset Handler
   80 00000008 00000000        DCD              NMI_Handler ; -14, 02, 0x008, N



ARM Macro Assembler    Page 3 


                                                            MI Handler
   81 0000000C 00000000        DCD              HardFault_Handler ; -13, 03, 0x
                                                            00C, Hard Fault Han
                                                            dler
   82 00000010 FFFFFFFF        DCD              _RESERVED   ; ---, 04, 0x010, R
                                                            eserved
   83 00000014 FFFFFFFF        DCD              _RESERVED   ; ---, 05, 0x014, R
                                                            eserved
   84 00000018 FFFFFFFF        DCD              _RESERVED   ; ---, 06, 0x018, R
                                                            eserved
   85 0000001C FFFFFFFF        DCD              _RESERVED   ; ---, 07, 0x01C, R
                                                            eserved
   86 00000020 FFFFFFFF        DCD              _HT32FWID   ; ---, 08, 0x020, R
                                                            eserved
   87 00000024 FFFFFFFF        DCD              _RESERVED   ; ---, 09, 0x024, R
                                                            eserved
   88 00000028 FFFFFFFF        DCD              _RESERVED   ; ---, 10, 0x028, R
                                                            eserved
   89 0000002C 00000000        DCD              SVC_Handler ; -05, 11, 0x02C, S
                                                            VC Handler
   90 00000030 FFFFFFFF        DCD              _RESERVED   ; ---, 12, 0x030, R
                                                            eserved
   91 00000034 FFFFFFFF        DCD              _RESERVED   ; ---, 13, 0x034, R
                                                            eserved
   92 00000038 00000000        DCD              PendSV_Handler ; -02, 14, 0x038
                                                            , PendSV Handler
   93 0000003C 00000000        DCD              SysTick_Handler ; -01, 15, 0x03
                                                            C, SysTick Handler
   94 00000040         
   95 00000040         ; External Interrupt Handler
   96 00000040 00000000        DCD              LVD_BOD_IRQHandler 
                                                            ;  00, 16, 0x040,
   97 00000044 00000000        DCD              RTC_IRQHandler 
                                                            ;  01, 17, 0x044,
   98 00000048 00000000        DCD              FLASH_IRQHandler 
                                                            ;  02, 18, 0x048,
   99 0000004C 00000000        DCD              EVWUP_IRQHandler 
                                                            ;  03, 19, 0x04C,
  100 00000050 00000000        DCD              EXTI0_1_IRQHandler 
                                                            ;  04, 20, 0x050,
  101 00000054 00000000        DCD              EXTI2_3_IRQHandler 
                                                            ;  05, 21, 0x054,
  102 00000058 00000000        DCD              EXTI4_15_IRQHandler 
                                                            ;  06, 22, 0x058,
  103 0000005C                 IF               (USE_HT32_CHIP=HT32F0008)
  105                          ENDIF
  106 0000005C                 IF               (USE_HT32_CHIP=HT32F52344_54)
  108                          ENDIF
  109 0000005C                 IF               (USE_HT32_CHIP=HT32F52357_67)
  110 0000005C 00000000        DCD              COMP_DAC_IRQHandler 
                                                            ;  07, 23, 0x05C,
  111 00000060                 ENDIF
  112 00000060                 IF               (USE_HT32_CHIP=HT32F0008)
  115 00000060 00000000        DCD              ADC_IRQHandler 
                                                            ;  08, 24, 0x060,
  116 00000064                 ENDIF
  117 00000064                 IF               (USE_HT32_CHIP=HT32F52357_67)
  118 00000064 00000000        DCD              AES_IRQHandler 
                                                            ;  09, 25, 0x064,



ARM Macro Assembler    Page 4 


  119 00000068                 ELSE
  121                          ENDIF
  122 00000068                 IF               (USE_HT32_CHIP=HT32F0008)
  125 00000068 00000000        DCD              MCTM0_IRQHandler 
                                                            ;  10, 26, 0x068,
  126 0000006C                 ENDIF
  127 0000006C                 IF               (USE_HT32_CHIP=HT32F52357_67)
  128 0000006C 00000000        DCD              QSPI_IRQHandler 
                                                            ;  11, 27, 0x06C,
  129 00000070                 ELSE
  131                          ENDIF
  132 00000070 00000000        DCD              GPTM0_IRQHandler 
                                                            ;  12, 28, 0x070,
  133 00000074                 IF               (USE_HT32_CHIP=HT32F0008)
  137 00000074 00000000        DCD              SCTM0_IRQHandler 
                                                            ;  13, 29, 0x074,
  138 00000078 00000000        DCD              SCTM1_IRQHandler 
                                                            ;  14, 30, 0x078,
  139 0000007C                 ENDIF
  140 0000007C                 IF               (USE_HT32_CHIP=HT32F0008) || (U
SE_HT32_CHIP=HT32F52357_67)
  141 0000007C 00000000        DCD              PWM0_IRQHandler 
                                                            ;  15, 31, 0x07C,
  142 00000080 00000000        DCD              PWM1_IRQHandler 
                                                            ;  16, 32, 0x080,
  143 00000084                 ENDIF
  144 00000084                 IF               (USE_HT32_CHIP=HT32F52344_54)
  147                          ENDIF
  148 00000084 00000000        DCD              BFTM0_IRQHandler 
                                                            ;  17, 33, 0x084,
  149 00000088 00000000        DCD              BFTM1_IRQHandler 
                                                            ;  18, 34, 0x088,
  150 0000008C 00000000        DCD              I2C0_IRQHandler 
                                                            ;  19, 35, 0x08C,
  151 00000090                 IF               (USE_HT32_CHIP=HT32F0008) || (U
SE_HT32_CHIP=HT32F52344_54)
  154 00000090 00000000        DCD              I2C1_IRQHandler 
                                                            ;  20, 36, 0x090,
  155 00000094                 ENDIF
  156 00000094 00000000        DCD              SPI0_IRQHandler 
                                                            ;  21, 37, 0x094,
  157 00000098                 IF               (USE_HT32_CHIP=HT32F0008)
  160 00000098 00000000        DCD              SPI1_IRQHandler 
                                                            ;  22, 38, 0x098,
  161 0000009C                 ENDIF
  162 0000009C                 IF               (USE_HT32_CHIP=HT32F52344_54)
  165 0000009C 00000000        DCD              USART0_IRQHandler 
                                                            ;  23, 39, 0x09C,
  166 000000A0                 ENDIF
  167 000000A0                 IF               (USE_HT32_CHIP=HT32F0008)
  171                          ENDIF
  172 000000A0                 IF               (USE_HT32_CHIP=HT32F52344_54)
  176                          ENDIF
  177 000000A0                 IF               (USE_HT32_CHIP=HT32F52357_67)
  178 000000A0 00000000        DCD              USART1_IRQHandler 
                                                            ;  24, 40, 0x0A0,
  179 000000A4 00000000        DCD              UART0_UART2_IRQHandler 
                                                            ;  25, 41, 0x0A4,
  180 000000A8 00000000        DCD              UART1_UART3_IRQHandler 



ARM Macro Assembler    Page 5 


                                                            ;  26, 42, 0x0A8,
  181 000000AC                 ENDIF
  182 000000AC                 IF               (USE_HT32_CHIP=HT32F52357_67)
  183 000000AC 00000000        DCD              SCI_IRQHandler ;  27, 43, 0xAC,
                                                            
  184 000000B0                 ELSE
  186                          ENDIF
  187 000000B0                 IF               (USE_HT32_CHIP=HT32F0008)
  189                          ENDIF
  190 000000B0                 IF               (USE_HT32_CHIP=HT32F52344_54)
  192                          ENDIF
  193 000000B0                 IF               (USE_HT32_CHIP=HT32F52357_67)
  194 000000B0 00000000        DCD              I2S_IRQHandler 
                                                            ;  28, 44, 0x0B0,
  195 000000B4                 ENDIF
  196 000000B4 00000000        DCD              USB_IRQHandler 
                                                            ;  29, 45, 0x0B4,
  197 000000B8 00000000        DCD              PDMA_CH0_1_IRQHandler 
                                                            ;  30, 46, 0x0B8,
  198 000000BC 00000000        DCD              PDMA_CH2_5_IRQHandler 
                                                            ;  31, 47, 0x0BC,
  199 000000C0         
  200 000000C0         ; Reset handler routine
  201 000000C0         Reset_Handler
                               PROC
  202 000000C0                 EXPORT           Reset_Handler                  
 [WEAK]
  203 000000C0                 IMPORT           SystemInit
  204 000000C0                 IMPORT           __main
  205 000000C0 481D            LDR              R0, =BootProcess
  206 000000C2 4780            BLX              R0
  207 000000C4 481D            LDR              R0, =SystemInit
  208 000000C6 4780            BLX              R0
  209 000000C8 481D            LDR              R0, =__main
  210 000000CA 4700            BX               R0
  211 000000CC                 ENDP
  212 000000CC         
  213 000000CC         BootProcess
                               PROC
  214 000000CC 481D            LDR              R0, =0x40080300
  215 000000CE 6901            LDR              R1,[R0, #0x10]
  216 000000D0 2900            CMP              R1, #0
  217 000000D2 D108            BNE              BP1
  218 000000D4 6941            LDR              R1,[R0, #0x14]
  219 000000D6 2900            CMP              R1, #0
  220 000000D8 D105            BNE              BP1
  221 000000DA 6981            LDR              R1,[R0, #0x18]
  222 000000DC 2900            CMP              R1, #0
  223 000000DE D102            BNE              BP1
  224 000000E0 69C1            LDR              R1,[R0, #0x1C]
  225 000000E2 2900            CMP              R1, #0
  226 000000E4 D009            BEQ              BP2
  227 000000E6 4818    BP1     LDR              R0, =0x40080180
  228 000000E8 68C1            LDR              R1,[R0, #0xC]
  229 000000EA 0109            LSLS             R1, R1, #4
  230 000000EC 0D09            LSRS             R1, R1, #20
  231 000000EE 2900            CMP              R1, #0
  232 000000F0 D00E            BEQ              BP3
  233 000000F2 2905            CMP              R1, #5



ARM Macro Assembler    Page 6 


  234 000000F4 D00C            BEQ              BP3
  235 000000F6 2906            CMP              R1, #6
  236 000000F8 D00A            BEQ              BP3
  237 000000FA F3BF 8F4F 
                       BP2     DSB
  238 000000FE 4813            LDR              R0, =0x20000000
  239 00000100 4913            LDR              R1, =0x05fa0004
  240 00000102 6001            STR              R1, [R0]
  241 00000104 4913            LDR              R1, =0xe000ed00
  242 00000106 4812            LDR              R0, =0x05fa0004
  243 00000108 60C8            STR              R0, [R1, #0xC]
  244 0000010A F3BF 8F4F       DSB
  245 0000010E E7FE            B                .
  246 00000110 480E    BP3     LDR              R0, =0x20000000
  247 00000112 6801            LDR              R1, [R0]
  248 00000114 480E            LDR              R0, =0x05fa0004
  249 00000116 4288            CMP              R0, R1
  250 00000118 D000            BEQ              BP4
  251 0000011A 4770            BX               LR
  252 0000011C 480E    BP4     LDR              R0, =0x40088100
  253 0000011E 490F            LDR              R1, =0x00000001
  254 00000120 6001            STR              R1, [R0]
  255 00000122 480A            LDR              R0, =0x20000000
  256 00000124 490E            LDR              R1, =0x0
  257 00000126 6001            STR              R1, [R0]
  258 00000128 4770            BX               LR
  259 0000012A                 ENDP
  260 0000012A         
  261 0000012A         ; Dummy Exception Handlers
  262 0000012A         NMI_Handler
                               PROC
  263 0000012A                 EXPORT           NMI_Handler                    
 [WEAK]
  264 0000012A E7FE            B                .
  265 0000012C                 ENDP
  266 0000012C         
  267 0000012C         HardFault_Handler
                               PROC
  268 0000012C                 EXPORT           HardFault_Handler              
 [WEAK]
  269 0000012C E7FE            B                .
  270 0000012E                 ENDP
  271 0000012E         
  272 0000012E         SVC_Handler
                               PROC
  273 0000012E                 EXPORT           SVC_Handler                    
 [WEAK]
  274 0000012E E7FE            B                .
  275 00000130                 ENDP
  276 00000130         
  277 00000130         PendSV_Handler
                               PROC
  278 00000130                 EXPORT           PendSV_Handler                 
 [WEAK]
  279 00000130 E7FE            B                .
  280 00000132                 ENDP
  281 00000132         
  282 00000132         SysTick_Handler
                               PROC



ARM Macro Assembler    Page 7 


  283 00000132                 EXPORT           SysTick_Handler                
 [WEAK]
  284 00000132 E7FE            B                .
  285 00000134                 ENDP
  286 00000134         
  287 00000134         Default_Handler
                               PROC
  288 00000134                 EXPORT           LVD_BOD_IRQHandler             
 [WEAK]
  289 00000134                 EXPORT           RTC_IRQHandler                 
 [WEAK]
  290 00000134                 EXPORT           FLASH_IRQHandler               
 [WEAK]
  291 00000134                 EXPORT           EVWUP_IRQHandler               
 [WEAK]
  292 00000134                 EXPORT           EXTI0_1_IRQHandler             
 [WEAK]
  293 00000134                 EXPORT           EXTI2_3_IRQHandler             
 [WEAK]
  294 00000134                 EXPORT           EXTI4_15_IRQHandler            
 [WEAK]
  295 00000134                 EXPORT           COMP_IRQHandler                
 [WEAK]
  296 00000134                 EXPORT           COMP_DAC_IRQHandler            
 [WEAK]
  297 00000134                 EXPORT           ADC_IRQHandler                 
 [WEAK]
  298 00000134                 EXPORT           MCTM0_IRQHandler               
 [WEAK]
  299 00000134                 EXPORT           GPTM0_IRQHandler               
 [WEAK]
  300 00000134                 EXPORT           SCTM0_IRQHandler               
 [WEAK]
  301 00000134                 EXPORT           SCTM1_IRQHandler               
 [WEAK]
  302 00000134                 EXPORT           PWM0_IRQHandler                
 [WEAK]
  303 00000134                 EXPORT           PWM1_IRQHandler                
 [WEAK]
  304 00000134                 EXPORT           BFTM0_IRQHandler               
 [WEAK]
  305 00000134                 EXPORT           BFTM1_IRQHandler               
 [WEAK]
  306 00000134                 EXPORT           I2C0_IRQHandler                
 [WEAK]
  307 00000134                 EXPORT           I2C1_IRQHandler                
 [WEAK]
  308 00000134                 EXPORT           SPI0_IRQHandler                
 [WEAK]
  309 00000134                 EXPORT           SPI1_IRQHandler                
 [WEAK]
  310 00000134                 EXPORT           QSPI_IRQHandler                
 [WEAK]
  311 00000134                 EXPORT           USART0_IRQHandler              
 [WEAK]
  312 00000134                 EXPORT           USART1_IRQHandler              
 [WEAK]
  313 00000134                 EXPORT           UART0_IRQHandler               
 [WEAK]



ARM Macro Assembler    Page 8 


  314 00000134                 EXPORT           UART1_IRQHandler               
 [WEAK]
  315 00000134                 EXPORT           UART0_UART2_IRQHandler         
 [WEAK]
  316 00000134                 EXPORT           UART1_UART3_IRQHandler         
 [WEAK]
  317 00000134                 EXPORT           SCI_IRQHandler                 
 [WEAK]
  318 00000134                 EXPORT           I2S_IRQHandler                 
 [WEAK]
  319 00000134                 EXPORT           AES_IRQHandler                 
 [WEAK]
  320 00000134                 EXPORT           USB_IRQHandler                 
 [WEAK]
  321 00000134                 EXPORT           PDMA_CH0_1_IRQHandler          
 [WEAK]
  322 00000134                 EXPORT           PDMA_CH2_5_IRQHandler          
 [WEAK]
  323 00000134         
  324 00000134         LVD_BOD_IRQHandler
  325 00000134         RTC_IRQHandler
  326 00000134         FLASH_IRQHandler
  327 00000134         EVWUP_IRQHandler
  328 00000134         EXTI0_1_IRQHandler
  329 00000134         EXTI2_3_IRQHandler
  330 00000134         EXTI4_15_IRQHandler
  331 00000134         COMP_IRQHandler
  332 00000134         COMP_DAC_IRQHandler
  333 00000134         ADC_IRQHandler
  334 00000134         MCTM0_IRQHandler
  335 00000134         GPTM0_IRQHandler
  336 00000134         SCTM0_IRQHandler
  337 00000134         SCTM1_IRQHandler
  338 00000134         PWM0_IRQHandler
  339 00000134         PWM1_IRQHandler
  340 00000134         BFTM0_IRQHandler
  341 00000134         BFTM1_IRQHandler
  342 00000134         I2C0_IRQHandler
  343 00000134         I2C1_IRQHandler
  344 00000134         SPI0_IRQHandler
  345 00000134         SPI1_IRQHandler
  346 00000134         QSPI_IRQHandler
  347 00000134         USART0_IRQHandler
  348 00000134         USART1_IRQHandler
  349 00000134         UART0_IRQHandler
  350 00000134         UART1_IRQHandler
  351 00000134         UART0_UART2_IRQHandler
  352 00000134         UART1_UART3_IRQHandler
  353 00000134         SCI_IRQHandler
  354 00000134         I2S_IRQHandler
  355 00000134         AES_IRQHandler
  356 00000134         USB_IRQHandler
  357 00000134         PDMA_CH0_1_IRQHandler
  358 00000134         PDMA_CH2_5_IRQHandler
  359 00000134 E7FE            B                .
  360 00000136                 ENDP
  361 00000136         
  362 00000136 00 00           ALIGN
  363 00000138         



ARM Macro Assembler    Page 9 


  364 00000138         ;*******************************************************
                       ************************
  365 00000138         ; User Stack and Heap initialization
  366 00000138         ;*******************************************************
                       ************************
  367 00000138                 IF               :DEF:__MICROLIB
  368 00000138         
  369 00000138                 EXPORT           __HT_check_heap
  370 00000138                 EXPORT           __HT_check_sp
  371 00000138                 EXPORT           __initial_sp
  372 00000138                 EXPORT           __heap_base
  373 00000138                 EXPORT           __heap_limit
  374 00000138         
  375 00000138                 ELSE
  389                          ENDIF
  390 00000138         
  391 00000138                 END
              00000000 
              00000000 
              00000000 
              40080300 
              40080180 
              20000000 
              05FA0004 
              E000ED00 
              40088100 
              00000001 
              00000000 
Command Line: --debug --xref --cpu=Cortex-M0+ --apcs=interwork --depend=.\ht32\
52367\obj\startup_ht32f5xxxx_03.d -o.\ht32\52367\obj\startup_ht32f5xxxx_03.o -I
"F:\Keil C\ARM\RV31\INC" -I"F:\Keil C\ARM\PACK\ARM\CMSIS\4.1.0\CMSIS\Include" -
-predefine="__EVAL SETA 1" --predefine="__MICROLIB SETA 1" --predefine="USE_HT3
2_CHIP SETA 11" --list=.\ht32\52367\list\startup_ht32f5xxxx_03.lst startup_ht32
f5xxxx_03.s



ARM Macro Assembler    Page 1 Alphabetic symbol ordering
Relocatable symbols

STACK 00000000

Symbol: STACK
   Definitions
      At line 54 in file startup_ht32f5xxxx_03.s
   Uses
      None
Comment: STACK unused
Stack_Mem 00000000

Symbol: Stack_Mem
   Definitions
      At line 56 in file startup_ht32f5xxxx_03.s
   Uses
      None
Comment: Stack_Mem unused
__HT_check_sp 00000000

Symbol: __HT_check_sp
   Definitions
      At line 55 in file startup_ht32f5xxxx_03.s
   Uses
      At line 370 in file startup_ht32f5xxxx_03.s
Comment: __HT_check_sp used once
__initial_sp 00000200

Symbol: __initial_sp
   Definitions
      At line 57 in file startup_ht32f5xxxx_03.s
   Uses
      At line 78 in file startup_ht32f5xxxx_03.s
      At line 371 in file startup_ht32f5xxxx_03.s

4 symbols



ARM Macro Assembler    Page 1 Alphabetic symbol ordering
Relocatable symbols

HEAP 00000000

Symbol: HEAP
   Definitions
      At line 62 in file startup_ht32f5xxxx_03.s
   Uses
      None
Comment: HEAP unused
Heap_Mem 00000000

Symbol: Heap_Mem
   Definitions
      At line 65 in file startup_ht32f5xxxx_03.s
   Uses
      None
Comment: Heap_Mem unused
__HT_check_heap 00000000

Symbol: __HT_check_heap
   Definitions
      At line 63 in file startup_ht32f5xxxx_03.s
   Uses
      At line 369 in file startup_ht32f5xxxx_03.s
Comment: __HT_check_heap used once
__heap_base 00000000

Symbol: __heap_base
   Definitions
      At line 64 in file startup_ht32f5xxxx_03.s
   Uses
      At line 372 in file startup_ht32f5xxxx_03.s
Comment: __heap_base used once
__heap_limit 00000000

Symbol: __heap_limit
   Definitions
      At line 66 in file startup_ht32f5xxxx_03.s
   Uses
      At line 373 in file startup_ht32f5xxxx_03.s
Comment: __heap_limit used once
5 symbols



ARM Macro Assembler    Page 1 Alphabetic symbol ordering
Relocatable symbols

ADC_IRQHandler 00000134

Symbol: ADC_IRQHandler
   Definitions
      At line 333 in file startup_ht32f5xxxx_03.s
   Uses
      At line 115 in file startup_ht32f5xxxx_03.s
      At line 297 in file startup_ht32f5xxxx_03.s

AES_IRQHandler 00000134

Symbol: AES_IRQHandler
   Definitions
      At line 355 in file startup_ht32f5xxxx_03.s
   Uses
      At line 118 in file startup_ht32f5xxxx_03.s
      At line 319 in file startup_ht32f5xxxx_03.s

BFTM0_IRQHandler 00000134

Symbol: BFTM0_IRQHandler
   Definitions
      At line 340 in file startup_ht32f5xxxx_03.s
   Uses
      At line 148 in file startup_ht32f5xxxx_03.s
      At line 304 in file startup_ht32f5xxxx_03.s

BFTM1_IRQHandler 00000134

Symbol: BFTM1_IRQHandler
   Definitions
      At line 341 in file startup_ht32f5xxxx_03.s
   Uses
      At line 149 in file startup_ht32f5xxxx_03.s
      At line 305 in file startup_ht32f5xxxx_03.s

BP1 000000E6

Symbol: BP1
   Definitions
      At line 227 in file startup_ht32f5xxxx_03.s
   Uses
      At line 217 in file startup_ht32f5xxxx_03.s
      At line 220 in file startup_ht32f5xxxx_03.s
      At line 223 in file startup_ht32f5xxxx_03.s

BP2 000000FA

Symbol: BP2
   Definitions
      At line 237 in file startup_ht32f5xxxx_03.s
   Uses
      At line 226 in file startup_ht32f5xxxx_03.s
Comment: BP2 used once
BP3 00000110

Symbol: BP3
   Definitions
      At line 246 in file startup_ht32f5xxxx_03.s



ARM Macro Assembler    Page 2 Alphabetic symbol ordering
Relocatable symbols

   Uses
      At line 232 in file startup_ht32f5xxxx_03.s
      At line 234 in file startup_ht32f5xxxx_03.s
      At line 236 in file startup_ht32f5xxxx_03.s

BP4 0000011C

Symbol: BP4
   Definitions
      At line 252 in file startup_ht32f5xxxx_03.s
   Uses
      At line 250 in file startup_ht32f5xxxx_03.s
Comment: BP4 used once
BootProcess 000000CC

Symbol: BootProcess
   Definitions
      At line 213 in file startup_ht32f5xxxx_03.s
   Uses
      At line 205 in file startup_ht32f5xxxx_03.s
Comment: BootProcess used once
COMP_DAC_IRQHandler 00000134

Symbol: COMP_DAC_IRQHandler
   Definitions
      At line 332 in file startup_ht32f5xxxx_03.s
   Uses
      At line 110 in file startup_ht32f5xxxx_03.s
      At line 296 in file startup_ht32f5xxxx_03.s

COMP_IRQHandler 00000134

Symbol: COMP_IRQHandler
   Definitions
      At line 331 in file startup_ht32f5xxxx_03.s
   Uses
      At line 295 in file startup_ht32f5xxxx_03.s
Comment: COMP_IRQHandler used once
Default_Handler 00000134

Symbol: Default_Handler
   Definitions
      At line 287 in file startup_ht32f5xxxx_03.s
   Uses
      None
Comment: Default_Handler unused
EVWUP_IRQHandler 00000134

Symbol: EVWUP_IRQHandler
   Definitions
      At line 327 in file startup_ht32f5xxxx_03.s
   Uses
      At line 99 in file startup_ht32f5xxxx_03.s
      At line 291 in file startup_ht32f5xxxx_03.s

EXTI0_1_IRQHandler 00000134

Symbol: EXTI0_1_IRQHandler
   Definitions



ARM Macro Assembler    Page 3 Alphabetic symbol ordering
Relocatable symbols

      At line 328 in file startup_ht32f5xxxx_03.s
   Uses
      At line 100 in file startup_ht32f5xxxx_03.s
      At line 292 in file startup_ht32f5xxxx_03.s

EXTI2_3_IRQHandler 00000134

Symbol: EXTI2_3_IRQHandler
   Definitions
      At line 329 in file startup_ht32f5xxxx_03.s
   Uses
      At line 101 in file startup_ht32f5xxxx_03.s
      At line 293 in file startup_ht32f5xxxx_03.s

EXTI4_15_IRQHandler 00000134

Symbol: EXTI4_15_IRQHandler
   Definitions
      At line 330 in file startup_ht32f5xxxx_03.s
   Uses
      At line 102 in file startup_ht32f5xxxx_03.s
      At line 294 in file startup_ht32f5xxxx_03.s

FLASH_IRQHandler 00000134

Symbol: FLASH_IRQHandler
   Definitions
      At line 326 in file startup_ht32f5xxxx_03.s
   Uses
      At line 98 in file startup_ht32f5xxxx_03.s
      At line 290 in file startup_ht32f5xxxx_03.s

GPTM0_IRQHandler 00000134

Symbol: GPTM0_IRQHandler
   Definitions
      At line 335 in file startup_ht32f5xxxx_03.s
   Uses
      At line 132 in file startup_ht32f5xxxx_03.s
      At line 299 in file startup_ht32f5xxxx_03.s

HardFault_Handler 0000012C

Symbol: HardFault_Handler
   Definitions
      At line 267 in file startup_ht32f5xxxx_03.s
   Uses
      At line 81 in file startup_ht32f5xxxx_03.s
      At line 268 in file startup_ht32f5xxxx_03.s

I2C0_IRQHandler 00000134

Symbol: I2C0_IRQHandler
   Definitions
      At line 342 in file startup_ht32f5xxxx_03.s
   Uses
      At line 150 in file startup_ht32f5xxxx_03.s
      At line 306 in file startup_ht32f5xxxx_03.s




ARM Macro Assembler    Page 4 Alphabetic symbol ordering
Relocatable symbols

I2C1_IRQHandler 00000134

Symbol: I2C1_IRQHandler
   Definitions
      At line 343 in file startup_ht32f5xxxx_03.s
   Uses
      At line 154 in file startup_ht32f5xxxx_03.s
      At line 307 in file startup_ht32f5xxxx_03.s

I2S_IRQHandler 00000134

Symbol: I2S_IRQHandler
   Definitions
      At line 354 in file startup_ht32f5xxxx_03.s
   Uses
      At line 194 in file startup_ht32f5xxxx_03.s
      At line 318 in file startup_ht32f5xxxx_03.s

LVD_BOD_IRQHandler 00000134

Symbol: LVD_BOD_IRQHandler
   Definitions
      At line 324 in file startup_ht32f5xxxx_03.s
   Uses
      At line 96 in file startup_ht32f5xxxx_03.s
      At line 288 in file startup_ht32f5xxxx_03.s

MCTM0_IRQHandler 00000134

Symbol: MCTM0_IRQHandler
   Definitions
      At line 334 in file startup_ht32f5xxxx_03.s
   Uses
      At line 125 in file startup_ht32f5xxxx_03.s
      At line 298 in file startup_ht32f5xxxx_03.s

NMI_Handler 0000012A

Symbol: NMI_Handler
   Definitions
      At line 262 in file startup_ht32f5xxxx_03.s
   Uses
      At line 80 in file startup_ht32f5xxxx_03.s
      At line 263 in file startup_ht32f5xxxx_03.s

PDMA_CH0_1_IRQHandler 00000134

Symbol: PDMA_CH0_1_IRQHandler
   Definitions
      At line 357 in file startup_ht32f5xxxx_03.s
   Uses
      At line 197 in file startup_ht32f5xxxx_03.s
      At line 321 in file startup_ht32f5xxxx_03.s

PDMA_CH2_5_IRQHandler 00000134

Symbol: PDMA_CH2_5_IRQHandler
   Definitions
      At line 358 in file startup_ht32f5xxxx_03.s



ARM Macro Assembler    Page 5 Alphabetic symbol ordering
Relocatable symbols

   Uses
      At line 198 in file startup_ht32f5xxxx_03.s
      At line 322 in file startup_ht32f5xxxx_03.s

PWM0_IRQHandler 00000134

Symbol: PWM0_IRQHandler
   Definitions
      At line 338 in file startup_ht32f5xxxx_03.s
   Uses
      At line 141 in file startup_ht32f5xxxx_03.s
      At line 302 in file startup_ht32f5xxxx_03.s

PWM1_IRQHandler 00000134

Symbol: PWM1_IRQHandler
   Definitions
      At line 339 in file startup_ht32f5xxxx_03.s
   Uses
      At line 142 in file startup_ht32f5xxxx_03.s
      At line 303 in file startup_ht32f5xxxx_03.s

PendSV_Handler 00000130

Symbol: PendSV_Handler
   Definitions
      At line 277 in file startup_ht32f5xxxx_03.s
   Uses
      At line 92 in file startup_ht32f5xxxx_03.s
      At line 278 in file startup_ht32f5xxxx_03.s

QSPI_IRQHandler 00000134

Symbol: QSPI_IRQHandler
   Definitions
      At line 346 in file startup_ht32f5xxxx_03.s
   Uses
      At line 128 in file startup_ht32f5xxxx_03.s
      At line 310 in file startup_ht32f5xxxx_03.s

RESET 00000000

Symbol: RESET
   Definitions
      At line 74 in file startup_ht32f5xxxx_03.s
   Uses
      None
Comment: RESET unused
RTC_IRQHandler 00000134

Symbol: RTC_IRQHandler
   Definitions
      At line 325 in file startup_ht32f5xxxx_03.s
   Uses
      At line 97 in file startup_ht32f5xxxx_03.s
      At line 289 in file startup_ht32f5xxxx_03.s

Reset_Handler 000000C0




ARM Macro Assembler    Page 6 Alphabetic symbol ordering
Relocatable symbols

Symbol: Reset_Handler
   Definitions
      At line 201 in file startup_ht32f5xxxx_03.s
   Uses
      At line 79 in file startup_ht32f5xxxx_03.s
      At line 202 in file startup_ht32f5xxxx_03.s

SCI_IRQHandler 00000134

Symbol: SCI_IRQHandler
   Definitions
      At line 353 in file startup_ht32f5xxxx_03.s
   Uses
      At line 183 in file startup_ht32f5xxxx_03.s
      At line 317 in file startup_ht32f5xxxx_03.s

SCTM0_IRQHandler 00000134

Symbol: SCTM0_IRQHandler
   Definitions
      At line 336 in file startup_ht32f5xxxx_03.s
   Uses
      At line 137 in file startup_ht32f5xxxx_03.s
      At line 300 in file startup_ht32f5xxxx_03.s

SCTM1_IRQHandler 00000134

Symbol: SCTM1_IRQHandler
   Definitions
      At line 337 in file startup_ht32f5xxxx_03.s
   Uses
      At line 138 in file startup_ht32f5xxxx_03.s
      At line 301 in file startup_ht32f5xxxx_03.s

SPI0_IRQHandler 00000134

Symbol: SPI0_IRQHandler
   Definitions
      At line 344 in file startup_ht32f5xxxx_03.s
   Uses
      At line 156 in file startup_ht32f5xxxx_03.s
      At line 308 in file startup_ht32f5xxxx_03.s

SPI1_IRQHandler 00000134

Symbol: SPI1_IRQHandler
   Definitions
      At line 345 in file startup_ht32f5xxxx_03.s
   Uses
      At line 160 in file startup_ht32f5xxxx_03.s
      At line 309 in file startup_ht32f5xxxx_03.s

SVC_Handler 0000012E

Symbol: SVC_Handler
   Definitions
      At line 272 in file startup_ht32f5xxxx_03.s
   Uses
      At line 89 in file startup_ht32f5xxxx_03.s



ARM Macro Assembler    Page 7 Alphabetic symbol ordering
Relocatable symbols

      At line 273 in file startup_ht32f5xxxx_03.s

SysTick_Handler 00000132

Symbol: SysTick_Handler
   Definitions
      At line 282 in file startup_ht32f5xxxx_03.s
   Uses
      At line 93 in file startup_ht32f5xxxx_03.s
      At line 283 in file startup_ht32f5xxxx_03.s

UART0_IRQHandler 00000134

Symbol: UART0_IRQHandler
   Definitions
      At line 349 in file startup_ht32f5xxxx_03.s
   Uses
      At line 313 in file startup_ht32f5xxxx_03.s
Comment: UART0_IRQHandler used once
UART0_UART2_IRQHandler 00000134

Symbol: UART0_UART2_IRQHandler
   Definitions
      At line 351 in file startup_ht32f5xxxx_03.s
   Uses
      At line 179 in file startup_ht32f5xxxx_03.s
      At line 315 in file startup_ht32f5xxxx_03.s

UART1_IRQHandler 00000134

Symbol: UART1_IRQHandler
   Definitions
      At line 350 in file startup_ht32f5xxxx_03.s
   Uses
      At line 314 in file startup_ht32f5xxxx_03.s
Comment: UART1_IRQHandler used once
UART1_UART3_IRQHandler 00000134

Symbol: UART1_UART3_IRQHandler
   Definitions
      At line 352 in file startup_ht32f5xxxx_03.s
   Uses
      At line 180 in file startup_ht32f5xxxx_03.s
      At line 316 in file startup_ht32f5xxxx_03.s

USART0_IRQHandler 00000134

Symbol: USART0_IRQHandler
   Definitions
      At line 347 in file startup_ht32f5xxxx_03.s
   Uses
      At line 165 in file startup_ht32f5xxxx_03.s
      At line 311 in file startup_ht32f5xxxx_03.s

USART1_IRQHandler 00000134

Symbol: USART1_IRQHandler
   Definitions
      At line 348 in file startup_ht32f5xxxx_03.s



ARM Macro Assembler    Page 8 Alphabetic symbol ordering
Relocatable symbols

   Uses
      At line 178 in file startup_ht32f5xxxx_03.s
      At line 312 in file startup_ht32f5xxxx_03.s

USB_IRQHandler 00000134

Symbol: USB_IRQHandler
   Definitions
      At line 356 in file startup_ht32f5xxxx_03.s
   Uses
      At line 196 in file startup_ht32f5xxxx_03.s
      At line 320 in file startup_ht32f5xxxx_03.s

__Vectors 00000000

Symbol: __Vectors
   Definitions
      At line 77 in file startup_ht32f5xxxx_03.s
   Uses
      At line 75 in file startup_ht32f5xxxx_03.s
Comment: __Vectors used once
49 symbols



ARM Macro Assembler    Page 1 Alphabetic symbol ordering
Absolute symbols

HT32F0008 00000006

Symbol: HT32F0008
   Definitions
      At line 39 in file startup_ht32f5xxxx_03.s
   Uses
      At line 103 in file startup_ht32f5xxxx_03.s
      At line 112 in file startup_ht32f5xxxx_03.s
      At line 122 in file startup_ht32f5xxxx_03.s
      At line 133 in file startup_ht32f5xxxx_03.s
      At line 140 in file startup_ht32f5xxxx_03.s
      At line 151 in file startup_ht32f5xxxx_03.s
      At line 157 in file startup_ht32f5xxxx_03.s
      At line 167 in file startup_ht32f5xxxx_03.s
      At line 187 in file startup_ht32f5xxxx_03.s

HT32F52142 00000006

Symbol: HT32F52142
   Definitions
      At line 40 in file startup_ht32f5xxxx_03.s
   Uses
      None
Comment: HT32F52142 unused
HT32F52344_54 00000009

Symbol: HT32F52344_54
   Definitions
      At line 41 in file startup_ht32f5xxxx_03.s
   Uses
      At line 106 in file startup_ht32f5xxxx_03.s
      At line 144 in file startup_ht32f5xxxx_03.s
      At line 151 in file startup_ht32f5xxxx_03.s
      At line 162 in file startup_ht32f5xxxx_03.s
      At line 172 in file startup_ht32f5xxxx_03.s
      At line 190 in file startup_ht32f5xxxx_03.s

HT32F52357_67 0000000B

Symbol: HT32F52357_67
   Definitions
      At line 42 in file startup_ht32f5xxxx_03.s
   Uses
      At line 109 in file startup_ht32f5xxxx_03.s
      At line 117 in file startup_ht32f5xxxx_03.s
      At line 127 in file startup_ht32f5xxxx_03.s
      At line 140 in file startup_ht32f5xxxx_03.s
      At line 177 in file startup_ht32f5xxxx_03.s
      At line 182 in file startup_ht32f5xxxx_03.s
      At line 193 in file startup_ht32f5xxxx_03.s

Heap_Size 00000000

Symbol: Heap_Size
   Definitions
      At line 60 in file startup_ht32f5xxxx_03.s
   Uses
      At line 65 in file startup_ht32f5xxxx_03.s
Comment: Heap_Size used once



ARM Macro Assembler    Page 2 Alphabetic symbol ordering
Absolute symbols

Stack_Size 00000200

Symbol: Stack_Size
   Definitions
      At line 52 in file startup_ht32f5xxxx_03.s
   Uses
      At line 56 in file startup_ht32f5xxxx_03.s
Comment: Stack_Size used once
USE_HT32_CHIP_SET 00000000

Symbol: USE_HT32_CHIP_SET
   Definitions
      At line 29 in file startup_ht32f5xxxx_03.s
   Uses
      At line 44 in file startup_ht32f5xxxx_03.s
Comment: USE_HT32_CHIP_SET used once
_HT32FWID FFFFFFFF

Symbol: _HT32FWID
   Definitions
      At line 31 in file startup_ht32f5xxxx_03.s
   Uses
      At line 86 in file startup_ht32f5xxxx_03.s
Comment: _HT32FWID used once
_RESERVED FFFFFFFF

Symbol: _RESERVED
   Definitions
      At line 76 in file startup_ht32f5xxxx_03.s
   Uses
      At line 82 in file startup_ht32f5xxxx_03.s
      At line 83 in file startup_ht32f5xxxx_03.s
      At line 84 in file startup_ht32f5xxxx_03.s
      At line 85 in file startup_ht32f5xxxx_03.s
      At line 87 in file startup_ht32f5xxxx_03.s
      At line 88 in file startup_ht32f5xxxx_03.s
      At line 90 in file startup_ht32f5xxxx_03.s
      At line 91 in file startup_ht32f5xxxx_03.s

9 symbols



ARM Macro Assembler    Page 1 Alphabetic symbol ordering
External symbols

SystemInit 00000000

Symbol: SystemInit
   Definitions
      At line 203 in file startup_ht32f5xxxx_03.s
   Uses
      At line 207 in file startup_ht32f5xxxx_03.s
Comment: SystemInit used once
__main 00000000

Symbol: __main
   Definitions
      At line 204 in file startup_ht32f5xxxx_03.s
   Uses
      At line 209 in file startup_ht32f5xxxx_03.s
Comment: __main used once
2 symbols
404 symbols in table
